This is pdfTeX, Version 3.14159265-2.6-1.40.21 (MiKTeX 20.6) (preloaded format=pdflatex 2020.6.30)  30 JUN 2020 15:31
entering extended mode
**./Data_IO_Part1.tex
(Data_IO_Part1.tex
LaTeX2e <2020-02-02> patch level 5
L3 programming layer <2020-06-18>

! LaTeX Error: File `beamer.cls' not found.

Type X to quit or <RETURN> to proceed,
or enter new name. (Default extension: cls)

Enter file name: 
! Emergency stop.
<read *> 
         
l.8 \usepackage
               {pgfpages} 
Here is how much of TeX's memory you used:
 26 strings out of 480790
 569 string characters out of 2907052
 238890 words of memory out of 3000000
 16136 multiletter control sequences out of 15000+200000
 532338 words of font info for 24 fonts, out of 3000000 for 9000
 1141 hyphenation exceptions out of 8191
 14i,0n,17p,90b,10s stack positions out of 5000i,500n,10000p,200000b,50000s

!  ==> Fatal error occurred, no output PDF file produced!


! Unfortunately, the package beamer could not be installed.
! Please check the log file:
! C:\Users\Andrew\AppData\Local\MiKTeX\miktex\log\pdflatex.log
! pdflatex: major issue: So far, no MiKTeX administrator has checked for updates.
